Fri Dec 24 01:43:55 MST 2021 : Apache Derby Network Server - 10.11.1.2 - (1629631) started and ready to accept connections on port 1527
----------------------------------------------------------------
Fri Dec 24 01:43:56 MST 2021:
Booting Derby version The Apache Software Foundation - Apache Derby - 10.11.1.2 - (1629631): instance a816c00e-017d-eb9c-675c-ffffef0bd3c9 
on database directory C:\Users\Azza Helmy\Desktop\Java Project\TicTacToe\TicTacToe with class loader sun.misc.Launcher$AppClassLoader@6f94fa3e 
Loaded from file:/C:/Program%20Files/Java/jdk1.8.0_111/db/lib/derby.jar
java.vendor=Oracle Corporation
java.runtime.version=1.8.0_111-b14
user.dir=C:\Program Files\Java\jdk1.8.0_111\db
os.name=Windows 10
os.arch=amd64
os.version=10.0
derby.system.home=C:\Users\Azza Helmy\Desktop\Java Project\TicTacToe
Database Class Loader started - derby.database.classpath=''
----------------------------------------------------------------
Fri Dec 24 01:43:57 MST 2021:
Shutting down instance a816c00e-017d-eb9c-675c-ffffef0bd3c9 on database directory C:\Users\Azza Helmy\Desktop\Java Project\TicTacToe\TicTacToe with class loader sun.misc.Launcher$AppClassLoader@6f94fa3e 
Fri Dec 24 01:43:57 MST 2021 Thread[DRDAConnThread_3,5,main] (DATABASE = TicTacToe), (DRDAID = {2}), Database 'TicTacToe' shutdown.
----------------------------------------------------------------
Fri Dec 24 01:44:13 MST 2021:
Booting Derby version The Apache Software Foundation - Apache Derby - 10.11.1.2 - (1629631): instance a65c80ac-017d-eb9c-675c-ffffef0bd3c9 
on database directory C:\Users\Azza Helmy\Desktop\Java Project\TicTacToe\TicTacToe with class loader sun.misc.Launcher$AppClassLoader@6f94fa3e 
Loaded from file:/C:/Program%20Files/Java/jdk1.8.0_111/db/lib/derby.jar
java.vendor=Oracle Corporation
java.runtime.version=1.8.0_111-b14
user.dir=C:\Program Files\Java\jdk1.8.0_111\db
os.name=Windows 10
os.arch=amd64
os.version=10.0
derby.system.home=C:\Users\Azza Helmy\Desktop\Java Project\TicTacToe
Database Class Loader started - derby.database.classpath=''
